<?xml version="1.0" encoding="UTF-8"?>
<!-- Generated by org.testng.reporters.JUnitReportReporter -->
<testsuite skipped="0" hostname="anushamittal-PC" name="com.learnMaven.selenium.FirstMavenonJenkins" tests="1" failures="0" timestamp="27 Jul 2017 09:57:45 GMT" time="0.015" errors="0">
  <testcase name="firstmethod" time="0.015" classname="com.learnMaven.selenium.FirstMavenonJenkins"/>
</testsuite> <!-- com.learnMaven.selenium.FirstMavenonJenkins -->
